{
  level: 'error',
  message: 'Test: Sinn 556',
  label: 'right meow!',
  timestamp: '2021-12-25T21:23:29.787Z'
}
{
  level: 'error',
  message: 'Exit application if something went wrong. Error Message: watchObj is not defined',
  timestamp: '2021-12-26T14:57:58.952Z'
}
{
  level: 'error',
  message: 'Exit application if something went wrong. Error Message: watchObj is not defined',
  timestamp: '2021-12-26T14:58:51.585Z'
}
{
  level: 'error',
  message: 'Logger test',
  timestamp: '2021-12-27T17:36:51.659Z'
}
{
  level: 'error',
  message: 'Logger test',
  timestamp: '2021-12-30T17:06:28.593Z'
}
{
  level: 'error',
  message: 'Logger test',
  timestamp: '2021-12-31T00:32:23.105Z'
}
{
  level: 'error',
  message: 'Exit application if something went wrong. Error Message: ScraperService is not defined',
  timestamp: '2022-01-03T17:38:16.516Z'
}
{
  level: 'error',
  message: 'Exit application if something went wrong. Error Message: ScraperService is not defined',
  timestamp: '2022-01-03T17:38:24.463Z'
}
{
  level: 'error',
  message: 'Exit application if something went wrong. Error Message: fs is not defined',
  timestamp: '2022-01-03T17:38:33.831Z'
}
